<?xml version="1.0" encoding="UTF-8"?>
<!-- Generated by org.testng.reporters.JUnitXMLReporter -->
<testsuite ignored="0" hostname="LAPTOP-I7C0VFGJ" failures="0" tests="3" name="Default test" time="13.483" errors="0" timestamp="2023-10-07T09:14:04 IST">
  <testcase classname="TestCases.VerifyLogin" name="InvalidLogin" time="0.646"/>
  <testcase classname="TestCases.VerifyLogin" name="InvalidLogin" time="0.531"/>
  <testcase classname="TestCases.VerifyLogin" name="InvalidLogin" time="0.485"/>
</testsuite> <!-- Default test -->
