<?xml version="1.0" encoding="UTF-8"?>
<!-- Generated by org.testng.reporters.JUnitXMLReporter -->
<testsuite ignored="0" hostname="LAPTOP-I7C0VFGJ" failures="0" tests="3" name="Default test" time="16.596" errors="0" timestamp="2023-10-01T18:39:13 IST">
  <testcase classname="TestCases.VerifyLogin" name="InvalidLogin" time="0.469"/>
  <testcase classname="TestCases.VerifyLogin" name="InvalidLogin" time="0.673"/>
  <testcase classname="TestCases.VerifyLogin" name="InvalidLogin" time="1.162"/>
</testsuite> <!-- Default test -->
