<?xml version="1.0" encoding="UTF-8"?>
<!-- Generated by org.testng.reporters.JUnitXMLReporter -->
<testsuite ignored="0" hostname="LAPTOP-I7C0VFGJ" failures="0" tests="3" name="Test" time="16.575" errors="0" timestamp="2023-10-09T13:43:17 IST">
  <testcase classname="TestCases.VerifyLogin" name="InvalidLogin" time="0.393"/>
  <testcase classname="TestCases.VerifyLogin" name="InvalidLogin" time="0.542"/>
  <testcase classname="TestCases.VerifyLogin" name="InvalidLogin" time="0.537"/>
</testsuite> <!-- Test -->
