<?xml version="1.0" encoding="UTF-8"?>
<!-- Generated by org.testng.reporters.JUnitXMLReporter -->
<testsuite ignored="0" hostname="LAPTOP-I7C0VFGJ" failures="0" tests="3" name="Test" time="14.964" errors="0" timestamp="2023-10-07T08:33:06 IST">
  <testcase classname="TestCases.VerifyLogin" name="InvalidLogin" time="0.292"/>
  <testcase classname="TestCases.VerifyLogin" name="InvalidLogin" time="0.424"/>
  <testcase classname="TestCases.VerifyLogin" name="InvalidLogin" time="0.449"/>
</testsuite> <!-- Test -->
