<?xml version="1.0" encoding="UTF-8"?>
<!-- Generated by org.testng.reporters.JUnitXMLReporter -->
<testsuite ignored="0" hostname="LAPTOP-I7C0VFGJ" failures="0" tests="3" name="Test" time="16.313" errors="0" timestamp="2023-10-07T08:34:34 IST">
  <testcase classname="TestCases.VerifyLogin" name="InvalidLogin" time="0.503"/>
  <testcase classname="TestCases.VerifyLogin" name="InvalidLogin" time="0.444"/>
  <testcase classname="TestCases.VerifyLogin" name="InvalidLogin" time="0.197"/>
</testsuite> <!-- Test -->
