<?xml version="1.0" encoding="UTF-8"?>
<testng-results ignored="0" total="3" passed="3" failed="0" skipped="0">
  <reporter-output>
  </reporter-output>
  <suite started-at="2023-10-07T08:34:18 IST" name="Suite" finished-at="2023-10-07T08:34:34 IST" duration-ms="16313">
    <groups>
    </groups>
    <test started-at="2023-10-07T08:34:18 IST" name="Test" finished-at="2023-10-07T08:34:34 IST" duration-ms="16313">
      <class name="TestCases.VerifyLogin">
        <test-method is-config="true" signature="URLInvoke()[pri:0, instance:TestCases.VerifyLogin@393671df]" started-at="2023-10-07T08:34:19 IST" name="URLInvoke" finished-at="2023-10-07T08:34:24 IST" duration-ms="5243" status="PASS">
          <reporter-output>
          </reporter-output>
        </test-method> <!-- URLInvoke -->
        <test-method signature="InvalidLogin(java.lang.String,java.lang.String)[pri:0, instance:TestCases.VerifyLogin@393671df]" started-at="2023-10-07T08:34:24 IST" name="InvalidLogin" data-provider="LoginData" finished-at="2023-10-07T08:34:25 IST" duration-ms="503" status="PASS">
          <params>
            <param index="0">
              <value>
                <![CDATA[ABC]]>
              </value>
            </param>
            <param index="1">
              <value>
                <![CDATA[ABC@1]]>
              </value>
            </param>
          </params>
          <reporter-output>
          </reporter-output>
        </test-method> <!-- InvalidLogin -->
        <test-method is-config="true" signature="CloseBrowser()[pri:0, instance:TestCases.VerifyLogin@393671df]" started-at="2023-10-07T08:34:25 IST" name="CloseBrowser" finished-at="2023-10-07T08:34:25 IST" duration-ms="265" status="PASS">
          <reporter-output>
          </reporter-output>
        </test-method> <!-- CloseBrowser -->
        <test-method is-config="true" signature="URLInvoke()[pri:0, instance:TestCases.VerifyLogin@393671df]" started-at="2023-10-07T08:34:25 IST" name="URLInvoke" finished-at="2023-10-07T08:34:28 IST" duration-ms="3161" status="PASS">
          <reporter-output>
          </reporter-output>
        </test-method> <!-- URLInvoke -->
        <test-method signature="InvalidLogin(java.lang.String,java.lang.String)[pri:0, instance:TestCases.VerifyLogin@393671df]" started-at="2023-10-07T08:34:28 IST" name="InvalidLogin" data-provider="LoginData" finished-at="2023-10-07T08:34:29 IST" duration-ms="444" status="PASS">
          <params>
            <param index="0">
              <value>
                <![CDATA[DEF]]>
              </value>
            </param>
            <param index="1">
              <value>
                <![CDATA[DEF@2]]>
              </value>
            </param>
          </params>
          <reporter-output>
          </reporter-output>
        </test-method> <!-- InvalidLogin -->
        <test-method is-config="true" signature="CloseBrowser()[pri:0, instance:TestCases.VerifyLogin@393671df]" started-at="2023-10-07T08:34:29 IST" name="CloseBrowser" finished-at="2023-10-07T08:34:29 IST" duration-ms="255" status="PASS">
          <reporter-output>
          </reporter-output>
        </test-method> <!-- CloseBrowser -->
        <test-method is-config="true" signature="URLInvoke()[pri:0, instance:TestCases.VerifyLogin@393671df]" started-at="2023-10-07T08:34:29 IST" name="URLInvoke" finished-at="2023-10-07T08:34:33 IST" duration-ms="4586" status="PASS">
          <reporter-output>
          </reporter-output>
        </test-method> <!-- URLInvoke -->
        <test-method signature="InvalidLogin(java.lang.String,java.lang.String)[pri:0, instance:TestCases.VerifyLogin@393671df]" started-at="2023-10-07T08:34:33 IST" name="InvalidLogin" data-provider="LoginData" finished-at="2023-10-07T08:34:34 IST" duration-ms="197" status="PASS">
          <params>
            <param index="0">
              <value>
                <![CDATA[GHI]]>
              </value>
            </param>
            <param index="1">
              <value>
                <![CDATA[GHI@3]]>
              </value>
            </param>
          </params>
          <reporter-output>
          </reporter-output>
        </test-method> <!-- InvalidLogin -->
        <test-method is-config="true" signature="CloseBrowser()[pri:0, instance:TestCases.VerifyLogin@393671df]" started-at="2023-10-07T08:34:34 IST" name="CloseBrowser" finished-at="2023-10-07T08:34:34 IST" duration-ms="249" status="PASS">
          <reporter-output>
          </reporter-output>
        </test-method> <!-- CloseBrowser -->
      </class> <!-- TestCases.VerifyLogin -->
    </test> <!-- Test -->
  </suite> <!-- Suite -->
</testng-results>
