<?xml version="1.0" encoding="UTF-8"?>
<testng-results ignored="0" total="3" passed="3" failed="0" skipped="0">
  <reporter-output>
  </reporter-output>
  <suite started-at="2023-10-02T23:41:14 IST" name="Suite" finished-at="2023-10-02T23:41:40 IST" duration-ms="25271">
    <groups>
    </groups>
    <test started-at="2023-10-02T23:41:14 IST" name="Test" finished-at="2023-10-02T23:41:40 IST" duration-ms="25271">
      <class name="TestCases.VerifyLogin">
        <test-method is-config="true" signature="URLInvoke()[pri:0, instance:TestCases.VerifyLogin@393671df]" started-at="2023-10-02T23:41:16 IST" name="URLInvoke" finished-at="2023-10-02T23:41:23 IST" duration-ms="7129" status="PASS">
          <reporter-output>
          </reporter-output>
        </test-method> <!-- URLInvoke -->
        <test-method signature="InvalidLogin(java.lang.String,java.lang.String)[pri:0, instance:TestCases.VerifyLogin@393671df]" started-at="2023-10-02T23:41:23 IST" name="InvalidLogin" data-provider="LoginData" finished-at="2023-10-02T23:41:25 IST" duration-ms="1543" status="PASS">
          <params>
            <param index="0">
              <value>
                <![CDATA[ABC]]>
              </value>
            </param>
            <param index="1">
              <value>
                <![CDATA[ABC@1]]>
              </value>
            </param>
          </params>
          <reporter-output>
          </reporter-output>
        </test-method> <!-- InvalidLogin -->
        <test-method is-config="true" signature="CloseBrowser()[pri:0, instance:TestCases.VerifyLogin@393671df]" started-at="2023-10-02T23:41:25 IST" name="CloseBrowser" finished-at="2023-10-02T23:41:25 IST" duration-ms="450" status="PASS">
          <reporter-output>
          </reporter-output>
        </test-method> <!-- CloseBrowser -->
        <test-method is-config="true" signature="URLInvoke()[pri:0, instance:TestCases.VerifyLogin@393671df]" started-at="2023-10-02T23:41:25 IST" name="URLInvoke" finished-at="2023-10-02T23:41:33 IST" duration-ms="7303" status="PASS">
          <reporter-output>
          </reporter-output>
        </test-method> <!-- URLInvoke -->
        <test-method signature="InvalidLogin(java.lang.String,java.lang.String)[pri:0, instance:TestCases.VerifyLogin@393671df]" started-at="2023-10-02T23:41:33 IST" name="InvalidLogin" data-provider="LoginData" finished-at="2023-10-02T23:41:33 IST" duration-ms="750" status="PASS">
          <params>
            <param index="0">
              <value>
                <![CDATA[DEF]]>
              </value>
            </param>
            <param index="1">
              <value>
                <![CDATA[DEF@2]]>
              </value>
            </param>
          </params>
          <reporter-output>
          </reporter-output>
        </test-method> <!-- InvalidLogin -->
        <test-method is-config="true" signature="CloseBrowser()[pri:0, instance:TestCases.VerifyLogin@393671df]" started-at="2023-10-02T23:41:33 IST" name="CloseBrowser" finished-at="2023-10-02T23:41:34 IST" duration-ms="243" status="PASS">
          <reporter-output>
          </reporter-output>
        </test-method> <!-- CloseBrowser -->
        <test-method is-config="true" signature="URLInvoke()[pri:0, instance:TestCases.VerifyLogin@393671df]" started-at="2023-10-02T23:41:34 IST" name="URLInvoke" finished-at="2023-10-02T23:41:38 IST" duration-ms="4406" status="PASS">
          <reporter-output>
          </reporter-output>
        </test-method> <!-- URLInvoke -->
        <test-method signature="InvalidLogin(java.lang.String,java.lang.String)[pri:0, instance:TestCases.VerifyLogin@393671df]" started-at="2023-10-02T23:41:38 IST" name="InvalidLogin" data-provider="LoginData" finished-at="2023-10-02T23:41:39 IST" duration-ms="1011" status="PASS">
          <params>
            <param index="0">
              <value>
                <![CDATA[GHI]]>
              </value>
            </param>
            <param index="1">
              <value>
                <![CDATA[GHI@3]]>
              </value>
            </param>
          </params>
          <reporter-output>
          </reporter-output>
        </test-method> <!-- InvalidLogin -->
        <test-method is-config="true" signature="CloseBrowser()[pri:0, instance:TestCases.VerifyLogin@393671df]" started-at="2023-10-02T23:41:39 IST" name="CloseBrowser" finished-at="2023-10-02T23:41:40 IST" duration-ms="458" status="PASS">
          <reporter-output>
          </reporter-output>
        </test-method> <!-- CloseBrowser -->
      </class> <!-- TestCases.VerifyLogin -->
    </test> <!-- Test -->
  </suite> <!-- Suite -->
</testng-results>
