<?xml version="1.0" encoding="UTF-8"?>
<testng-results ignored="0" total="3" passed="3" failed="0" skipped="0">
  <reporter-output>
  </reporter-output>
  <suite started-at="2023-10-09T13:43:01 IST" name="Suite" finished-at="2023-10-09T13:43:17 IST" duration-ms="16575">
    <groups>
    </groups>
    <test started-at="2023-10-09T13:43:01 IST" name="Test" finished-at="2023-10-09T13:43:17 IST" duration-ms="16575">
      <class name="TestCases.VerifyLogin">
        <test-method is-config="true" signature="URLInvoke()[pri:0, instance:TestCases.VerifyLogin@55b7a4e0]" started-at="2023-10-09T13:43:02 IST" name="URLInvoke" finished-at="2023-10-09T13:43:09 IST" duration-ms="6442" status="PASS">
          <reporter-output>
          </reporter-output>
        </test-method> <!-- URLInvoke -->
        <test-method signature="InvalidLogin(java.lang.String,java.lang.String)[pri:0, instance:TestCases.VerifyLogin@55b7a4e0]" started-at="2023-10-09T13:43:09 IST" name="InvalidLogin" data-provider="LoginData" finished-at="2023-10-09T13:43:09 IST" duration-ms="393" status="PASS">
          <params>
            <param index="0">
              <value>
                <![CDATA[ABC]]>
              </value>
            </param>
            <param index="1">
              <value>
                <![CDATA[ABC@1]]>
              </value>
            </param>
          </params>
          <reporter-output>
          </reporter-output>
        </test-method> <!-- InvalidLogin -->
        <test-method is-config="true" signature="CloseBrowser()[pri:0, instance:TestCases.VerifyLogin@55b7a4e0]" started-at="2023-10-09T13:43:09 IST" name="CloseBrowser" finished-at="2023-10-09T13:43:10 IST" duration-ms="259" status="PASS">
          <reporter-output>
          </reporter-output>
        </test-method> <!-- CloseBrowser -->
        <test-method is-config="true" signature="URLInvoke()[pri:0, instance:TestCases.VerifyLogin@55b7a4e0]" started-at="2023-10-09T13:43:10 IST" name="URLInvoke" finished-at="2023-10-09T13:43:13 IST" duration-ms="3264" status="PASS">
          <reporter-output>
          </reporter-output>
        </test-method> <!-- URLInvoke -->
        <test-method signature="InvalidLogin(java.lang.String,java.lang.String)[pri:0, instance:TestCases.VerifyLogin@55b7a4e0]" started-at="2023-10-09T13:43:13 IST" name="InvalidLogin" data-provider="LoginData" finished-at="2023-10-09T13:43:13 IST" duration-ms="542" status="PASS">
          <params>
            <param index="0">
              <value>
                <![CDATA[DEF]]>
              </value>
            </param>
            <param index="1">
              <value>
                <![CDATA[DEF@2]]>
              </value>
            </param>
          </params>
          <reporter-output>
          </reporter-output>
        </test-method> <!-- InvalidLogin -->
        <test-method is-config="true" signature="CloseBrowser()[pri:0, instance:TestCases.VerifyLogin@55b7a4e0]" started-at="2023-10-09T13:43:13 IST" name="CloseBrowser" finished-at="2023-10-09T13:43:14 IST" duration-ms="332" status="PASS">
          <reporter-output>
          </reporter-output>
        </test-method> <!-- CloseBrowser -->
        <test-method is-config="true" signature="URLInvoke()[pri:0, instance:TestCases.VerifyLogin@55b7a4e0]" started-at="2023-10-09T13:43:14 IST" name="URLInvoke" finished-at="2023-10-09T13:43:17 IST" duration-ms="3045" status="PASS">
          <reporter-output>
          </reporter-output>
        </test-method> <!-- URLInvoke -->
        <test-method signature="InvalidLogin(java.lang.String,java.lang.String)[pri:0, instance:TestCases.VerifyLogin@55b7a4e0]" started-at="2023-10-09T13:43:17 IST" name="InvalidLogin" data-provider="LoginData" finished-at="2023-10-09T13:43:17 IST" duration-ms="537" status="PASS">
          <params>
            <param index="0">
              <value>
                <![CDATA[GHI]]>
              </value>
            </param>
            <param index="1">
              <value>
                <![CDATA[GHI@3]]>
              </value>
            </param>
          </params>
          <reporter-output>
          </reporter-output>
        </test-method> <!-- InvalidLogin -->
        <test-method is-config="true" signature="CloseBrowser()[pri:0, instance:TestCases.VerifyLogin@55b7a4e0]" started-at="2023-10-09T13:43:17 IST" name="CloseBrowser" finished-at="2023-10-09T13:43:17 IST" duration-ms="198" status="PASS">
          <reporter-output>
          </reporter-output>
        </test-method> <!-- CloseBrowser -->
      </class> <!-- TestCases.VerifyLogin -->
    </test> <!-- Test -->
  </suite> <!-- Suite -->
</testng-results>
